N E X T F L O W  ~  version 20.07.1
Launching `nextflow_fetch_genes_from_database_and_run_data_cleaning_preprocession.nf` [pensive_allen] - revision: 6ca47ff3e5
[-        ] process > run_perl_script                                   -[K
[-        ] process > run_removal_of_overlapping_genes_annotation       -[K
[-        ] process > run_removal_of_overlapping_genes                  -[K
[-        ] process > run_split_gff_and_fasta_to_genbank_on_annotations -[K
[-        ] process > run_split_gff_and_fasta_to_genbank_on_genomes     -[K
[6A
[-        ] process > run_perl_script                                   [  0%] 0 of 100[K
[-        ] process > run_removal_of_overlapping_genes_annotation       -[K
[-        ] process > run_removal_of_overlapping_genes                  -[K
[-        ] process > run_split_gff_and_fasta_to_genbank_on_annotations -[K
[-        ] process > run_split_gff_and_fasta_to_genbank_on_genomes     -[K
[6A
[-        ] process > run_perl_script                                   [  0%] 0 of 105[K
[-        ] process > run_removal_of_overlapping_genes_annotation       -[K
[-        ] process > run_removal_of_overlapping_genes                  -[K
[-        ] process > run_split_gff_and_fasta_to_genbank_on_annotations -[K
[-        ] process > run_split_gff_and_fasta_to_genbank_on_genomes     -[K
[6A
[-        ] process > run_perl_script                                   [  0%] 0 of 108[K
[-        ] process > run_removal_of_overlapping_genes_annotation       -[K
[-        ] process > run_removal_of_overlapping_genes                  -[K
[-        ] process > run_split_gff_and_fasta_to_genbank_on_annotations -[K
[-        ] process > run_split_gff_and_fasta_to_genbank_on_genomes     -[K
[6A
[-        ] process > run_perl_script                                   [  0%] 0 of 112[K
[-        ] process > run_removal_of_overlapping_genes_annotation       -[K
[-        ] process > run_removal_of_overlapping_genes                  -[K
[-        ] process > run_split_gff_and_fasta_to_genbank_on_annotations -[K
[-        ] process > run_split_gff_and_fasta_to_genbank_on_genomes     -[K
[6A
[-        ] process > run_perl_script                                   [  0%] 0 of 118[K
[-        ] process > run_removal_of_overlapping_genes_annotation       -[K
[-        ] process > run_removal_of_overlapping_genes                  -[K
[-        ] process > run_split_gff_and_fasta_to_genbank_on_annotations -[K
[-        ] process > run_split_gff_and_fasta_to_genbank_on_genomes     -[K
[6A
[-        ] process > run_perl_script                                   [  0%] 0 of 123[K
[-        ] process > run_removal_of_overlapping_genes_annotation       -[K
[-        ] process > run_removal_of_overlapping_genes                  -[K
[-        ] process > run_split_gff_and_fasta_to_genbank_on_annotations -[K
[-        ] process > run_split_gff_and_fasta_to_genbank_on_genomes     -[K
[6A
[-        ] process > run_perl_script                                   [  0%] 0 of 132[K
[-        ] process > run_removal_of_overlapping_genes_annotation       -[K
[-        ] process > run_removal_of_overlapping_genes                  -[K
[-        ] process > run_split_gff_and_fasta_to_genbank_on_annotations -[K
[-        ] process > run_split_gff_and_fasta_to_genbank_on_genomes     -[K
[6A
[-        ] process > run_perl_script                                   [  0%] 0 of 141[K
[-        ] process > run_removal_of_overlapping_genes_annotation       -[K
[-        ] process > run_removal_of_overlapping_genes                  -[K
[-        ] process > run_split_gff_and_fasta_to_genbank_on_annotations -[K
[-        ] process > run_split_gff_and_fasta_to_genbank_on_genomes     -[K
[6A
[-        ] process > run_perl_script                                   [  0%] 0 of 145[K
[-        ] process > run_removal_of_overlapping_genes_annotation       -[K
[-        ] process > run_removal_of_overlapping_genes                  -[K
[-        ] process > run_split_gff_and_fasta_to_genbank_on_annotations -[K
[-        ] process > run_split_gff_and_fasta_to_genbank_on_genomes     -[K
[6A
[-        ] process > run_perl_script                                   [  0%] 0 of 148[K
[-        ] process > run_removal_of_overlapping_genes_annotation       -[K
[-        ] process > run_removal_of_overlapping_genes                  -[K
[-        ] process > run_split_gff_and_fasta_to_genbank_on_annotations -[K
[-        ] process > run_split_gff_and_fasta_to_genbank_on_genomes     -[K
[6A
executor >  lsf (1)[K
[2b/d8005f] process > run_perl_script (3)                               [  0%] 0 of 150[K
[-        ] process > run_removal_of_overlapping_genes_annotation       -[K
[-        ] process > run_removal_of_overlapping_genes                  -[K
[-        ] process > run_split_gff_and_fasta_to_genbank_on_annotations -[K
[-        ] process > run_split_gff_and_fasta_to_genbank_on_genomes     -[K
[7A
executor >  lsf (2)[K
[da/3030a9] process > run_perl_script (95)                              [  0%] 0 of 150[K
[-        ] process > run_removal_of_overlapping_genes_annotation       -[K
[-        ] process > run_removal_of_overlapping_genes                  -[K
[-        ] process > run_split_gff_and_fasta_to_genbank_on_annotations -[K
[-        ] process > run_split_gff_and_fasta_to_genbank_on_genomes     -[K
[7A
executor >  lsf (3)[K
[6b/f4b0d2] process > run_perl_script (34)                              [  0%] 0 of 150[K
[-        ] process > run_removal_of_overlapping_genes_annotation       -[K
[-        ] process > run_removal_of_overlapping_genes                  -[K
[-        ] process > run_split_gff_and_fasta_to_genbank_on_annotations -[K
[-        ] process > run_split_gff_and_fasta_to_genbank_on_genomes     -[K
[7A
executor >  lsf (4)[K
[43/d1cfb1] process > run_perl_script (10)                              [  0%] 0 of 150[K
[-        ] process > run_removal_of_overlapping_genes_annotation       -[K
[-        ] process > run_removal_of_overlapping_genes                  -[K
[-        ] process > run_split_gff_and_fasta_to_genbank_on_annotations -[K
[-        ] process > run_split_gff_and_fasta_to_genbank_on_genomes     -[K
[7A
executor >  lsf (5)[K
[36/18b985] process > run_perl_script (84)                              [  0%] 0 of 150[K
[-        ] process > run_removal_of_overlapping_genes_annotation       -[K
[-        ] process > run_removal_of_overlapping_genes                  -[K
[-        ] process > run_split_gff_and_fasta_to_genbank_on_annotations -[K
[-        ] process > run_split_gff_and_fasta_to_genbank_on_genomes     -[K
[7A
executor >  lsf (6)[K
[6c/48e77f] process > run_perl_script (4)                               [  0%] 0 of 150[K
[-        ] process > run_removal_of_overlapping_genes_annotation       -[K
[-        ] process > run_removal_of_overlapping_genes                  -[K
[-        ] process > run_split_gff_and_fasta_to_genbank_on_annotations -[K
[-        ] process > run_split_gff_and_fasta_to_genbank_on_genomes     -[K
[7A
executor >  lsf (7)[K
[0c/177753] process > run_perl_script (11)                              [  0%] 0 of 150[K
[-        ] process > run_removal_of_overlapping_genes_annotation       -[K
[-        ] process > run_removal_of_overlapping_genes                  -[K
[-        ] process > run_split_gff_and_fasta_to_genbank_on_annotations -[K
[-        ] process > run_split_gff_and_fasta_to_genbank_on_genomes     -[K
[7A
executor >  lsf (8)[K
[d2/99bdb8] process > run_perl_script (44)                              [  0%] 0 of 150[K
[-        ] process > run_removal_of_overlapping_genes_annotation       -[K
[-        ] process > run_removal_of_overlapping_genes                  -[K
[-        ] process > run_split_gff_and_fasta_to_genbank_on_annotations -[K
[-        ] process > run_split_gff_and_fasta_to_genbank_on_genomes     -[K
[7A
executor >  lsf (9)[K
[af/f2a5a6] process > run_perl_script (5)                               [  0%] 0 of 150[K
[-        ] process > run_removal_of_overlapping_genes_annotation       -[K
[-        ] process > run_removal_of_overlapping_genes                  -[K
[-        ] process > run_split_gff_and_fasta_to_genbank_on_annotations -[K
[-        ] process > run_split_gff_and_fasta_to_genbank_on_genomes     -[K
[7A
executor >  lsf (10)[K
[aa/49d1f6] process > run_perl_script (93)                              [  0%] 0 of 150[K
[-        ] process > run_removal_of_overlapping_genes_annotation       -[K
[-        ] process > run_removal_of_overlapping_genes                  -[K
[-        ] process > run_split_gff_and_fasta_to_genbank_on_annotations -[K
[-        ] process > run_split_gff_and_fasta_to_genbank_on_genomes     -[K
[7A
executor >  lsf (11)[K
[8e/2dcaa9] process > run_perl_script (90)                              [  0%] 0 of 150[K
[-        ] process > run_removal_of_overlapping_genes_annotation       -[K
[-        ] process > run_removal_of_overlapping_genes                  -[K
[-        ] process > run_split_gff_and_fasta_to_genbank_on_annotations -[K
[-        ] process > run_split_gff_and_fasta_to_genbank_on_genomes     -[K
[7A
executor >  lsf (12)[K
[57/5912a7] process > run_perl_script (48)                              [  0%] 0 of 150[K
[-        ] process > run_removal_of_overlapping_genes_annotation       -[K
[-        ] process > run_removal_of_overlapping_genes                  -[K
[-        ] process > run_split_gff_and_fasta_to_genbank_on_annotations -[K
[-        ] process > run_split_gff_and_fasta_to_genbank_on_genomes     -[K
[7A
executor >  lsf (13)[K
[16/1231c0] process > run_perl_script (85)                              [  0%] 0 of 150[K
[-        ] process > run_removal_of_overlapping_genes_annotation       -[K
[-        ] process > run_removal_of_overlapping_genes                  -[K
[-        ] process > run_split_gff_and_fasta_to_genbank_on_annotations -[K
[-        ] process > run_split_gff_and_fasta_to_genbank_on_genomes     -[K
[7A
executor >  lsf (14)[K
[be/7601c1] process > run_perl_script (80)                              [  0%] 0 of 150[K
[-        ] process > run_removal_of_overlapping_genes_annotation       -[K
[-        ] process > run_removal_of_overlapping_genes                  -[K
[-        ] process > run_split_gff_and_fasta_to_genbank_on_annotations -[K
[-        ] process > run_split_gff_and_fasta_to_genbank_on_genomes     -[K
[7A
executor >  lsf (15)[K
[14/89c9df] process > run_perl_script (22)                              [  0%] 0 of 150[K
[-        ] process > run_removal_of_overlapping_genes_annotation       -[K
[-        ] process > run_removal_of_overlapping_genes                  -[K
[-        ] process > run_split_gff_and_fasta_to_genbank_on_annotations -[K
[-        ] process > run_split_gff_and_fasta_to_genbank_on_genomes     -[K
[7A
executor >  lsf (16)[K
[cc/8cefb7] process > run_perl_script (83)                              [  0%] 0 of 150[K
[-        ] process > run_removal_of_overlapping_genes_annotation       -[K
[-        ] process > run_removal_of_overlapping_genes                  -[K
[-        ] process > run_split_gff_and_fasta_to_genbank_on_annotations -[K
[-        ] process > run_split_gff_and_fasta_to_genbank_on_genomes     -[K
[7A
executor >  lsf (17)[K
[74/2b47e3] process > run_perl_script (2)                               [  0%] 0 of 150[K
[-        ] process > run_removal_of_overlapping_genes_annotation       -[K
[-        ] process > run_removal_of_overlapping_genes                  -[K
[-        ] process > run_split_gff_and_fasta_to_genbank_on_annotations -[K
[-        ] process > run_split_gff_and_fasta_to_genbank_on_genomes     -[K
[7A
executor >  lsf (18)[K
[9d/33cba8] process > run_perl_script (30)                              [  0%] 0 of 150[K
[-        ] process > run_removal_of_overlapping_genes_annotation       -[K
[-        ] process > run_removal_of_overlapping_genes                  -[K
[-        ] process > run_split_gff_and_fasta_to_genbank_on_annotations -[K
[-        ] process > run_split_gff_and_fasta_to_genbank_on_genomes     -[K
[7A
executor >  lsf (19)[K
[e9/ab563b] process > run_perl_script (29)                              [  0%] 0 of 150[K
[-        ] process > run_removal_of_overlapping_genes_annotation       -[K
[-        ] process > run_removal_of_overlapping_genes                  -[K
[-        ] process > run_split_gff_and_fasta_to_genbank_on_annotations -[K
[-        ] process > run_split_gff_and_fasta_to_genbank_on_genomes     -[K
[7A
executor >  lsf (20)[K
[3d/d4622e] process > run_perl_script (18)           [  0%] 0 of 150[K
[-        ] process > run_removal_of_overlapping_... -[K
[-        ] process > run_removal_of_overlapping_... -[K
[-        ] process > run_split_gff_and_fasta_to_... -[K
[-        ] process > run_split_gff_and_fasta_to_... -[K
[7A
executor >  lsf (21)[K
[27/d73d2a] process > run_perl_script (75)           [  0%] 0 of 150[K
[-        ] process > run_removal_of_overlapping_... -[K
[-        ] process > run_removal_of_overlapping_... -[K
[-        ] process > run_split_gff_and_fasta_to_... -[K
[-        ] process > run_split_gff_and_fasta_to_... -[K
[7A
executor >  lsf (22)[K
[cb/a9ed17] process > run_perl_script (87)           [  0%] 0 of 150[K
[-        ] process > run_removal_of_overlapping_... -[K
[-        ] process > run_removal_of_overlapping_... -[K
[-        ] process > run_split_gff_and_fasta_to_... -[K
[-        ] process > run_split_gff_and_fasta_to_... -[K
[7A
executor >  lsf (23)[K
[c7/0a5f7b] process > run_perl_script (17)           [  0%] 0 of 150[K
[-        ] process > run_removal_of_overlapping_... -[K
[-        ] process > run_removal_of_overlapping_... -[K
[-        ] process > run_split_gff_and_fasta_to_... -[K
[-        ] process > run_split_gff_and_fasta_to_... -[K
[7A
executor >  lsf (24)[K
[d0/5bf2df] process > run_perl_script (42)           [  0%] 0 of 150[K
[-        ] process > run_removal_of_overlapping_... -[K
[-        ] process > run_removal_of_overlapping_... -[K
[-        ] process > run_split_gff_and_fasta_to_... -[K
[-        ] process > run_split_gff_and_fasta_to_... -[K
[7A
executor >  lsf (25)[K
[e7/b85f62] process > run_perl_script (63)           [  0%] 0 of 150[K
[-        ] process > run_removal_of_overlapping_... -[K
[-        ] process > run_removal_of_overlapping_... -[K
[-        ] process > run_split_gff_and_fasta_to_... -[K
[-        ] process > run_split_gff_and_fasta_to_... -[K
[7A
executor >  lsf (26)[K
[18/a76361] process > run_perl_script (24)           [  0%] 0 of 150[K
[-        ] process > run_removal_of_overlapping_... -[K
[-        ] process > run_removal_of_overlapping_... -[K
[-        ] process > run_split_gff_and_fasta_to_... -[K
[-        ] process > run_split_gff_and_fasta_to_... -[K
[7A
executor >  lsf (27)[K
[2d/9c956c] process > run_perl_script (78)           [  0%] 0 of 150[K
[-        ] process > run_removal_of_overlapping_... -[K
[-        ] process > run_removal_of_overlapping_... -[K
[-        ] process > run_split_gff_and_fasta_to_... -[K
[-        ] process > run_split_gff_and_fasta_to_... -[K
[7A
executor >  lsf (28)[K
[44/17be85] process > run_perl_script (1)            [  0%] 0 of 150[K
[-        ] process > run_removal_of_overlapping_... -[K
[-        ] process > run_removal_of_overlapping_... -[K
[-        ] process > run_split_gff_and_fasta_to_... -[K
[-        ] process > run_split_gff_and_fasta_to_... -[K
[7A
executor >  lsf (29)[K
[a4/e51353] process > run_perl_script (9)            [  0%] 0 of 150[K
[-        ] process > run_removal_of_overlapping_... -[K
[-        ] process > run_removal_of_overlapping_... -[K
[-        ] process > run_split_gff_and_fasta_to_... -[K
[-        ] process > run_split_gff_and_fasta_to_... -[K
[7A
executor >  lsf (30)[K
[24/5eec2f] process > run_perl_script (64)           [  0%] 0 of 150[K
[-        ] process > run_removal_of_overlapping_... -[K
[-        ] process > run_removal_of_overlapping_... -[K
[-        ] process > run_split_gff_and_fasta_to_... -[K
[-        ] process > run_split_gff_and_fasta_to_... -[K
[7A
executor >  lsf (31)[K
[0e/22b7d7] process > run_perl_script (82)           [  0%] 0 of 150[K
[-        ] process > run_removal_of_overlapping_... -[K
[-        ] process > run_removal_of_overlapping_... -[K
[-        ] process > run_split_gff_and_fasta_to_... -[K
[-        ] process > run_split_gff_and_fasta_to_... -[K
[7A
executor >  lsf (32)[K
[c3/fafcf1] process > run_perl_script (68)           [  0%] 0 of 150[K
[-        ] process > run_removal_of_overlapping_... -[K
[-        ] process > run_removal_of_overlapping_... -[K
[-        ] process > run_split_gff_and_fasta_to_... -[K
[-        ] process > run_split_gff_and_fasta_to_... -[K
[7A
executor >  lsf (33)[K
[fe/26e9af] process > run_perl_script (89)           [  0%] 0 of 150[K
[-        ] process > run_removal_of_overlapping_... -[K
[-        ] process > run_removal_of_overlapping_... -[K
[-        ] process > run_split_gff_and_fasta_to_... -[K
[-        ] process > run_split_gff_and_fasta_to_... -[K
[7A
executor >  lsf (34)[K
[1e/cfbe40] process > run_perl_script (53)           [  0%] 0 of 150[K
[-        ] process > run_removal_of_overlapping_... -[K
[-        ] process > run_removal_of_overlapping_... -[K
[-        ] process > run_split_gff_and_fasta_to_... -[K
[-        ] process > run_split_gff_and_fasta_to_... -[K
[7A
executor >  lsf (35)[K
[40/3ae0c8] process > run_perl_script (61)           [  0%] 0 of 150[K
[-        ] process > run_removal_of_overlapping_... -[K
[-        ] process > run_removal_of_overlapping_... -[K
[-        ] process > run_split_gff_and_fasta_to_... -[K
[-        ] process > run_split_gff_and_fasta_to_... -[K
[7A
executor >  lsf (36)[K
[d1/a19bbd] process > run_perl_script (35)           [  0%] 0 of 150[K
[-        ] process > run_removal_of_overlapping_... -[K
[-        ] process > run_removal_of_overlapping_... -[K
[-        ] process > run_split_gff_and_fasta_to_... -[K
[-        ] process > run_split_gff_and_fasta_to_... -[K
[7A
executor >  lsf (37)[K
[39/5f3216] process > run_perl_script (33)           [  0%] 0 of 150[K
[-        ] process > run_removal_of_overlapping_... -[K
[-        ] process > run_removal_of_overlapping_... -[K
[-        ] process > run_split_gff_and_fasta_to_... -[K
[-        ] process > run_split_gff_and_fasta_to_... -[K
[7A
executor >  lsf (38)[K
[9c/1a27b8] process > run_perl_script (46)           [  0%] 0 of 150[K
[-        ] process > run_removal_of_overlapping_... -[K
[-        ] process > run_removal_of_overlapping_... -[K
[-        ] process > run_split_gff_and_fasta_to_... -[K
[-        ] process > run_split_gff_and_fasta_to_... -[K
[7A
executor >  lsf (39)[K
[ef/2f1e33] process > run_perl_script (66)           [  0%] 0 of 150[K
[-        ] process > run_removal_of_overlapping_... -[K
[-        ] process > run_removal_of_overlapping_... -[K
[-        ] process > run_split_gff_and_fasta_to_... -[K
[-        ] process > run_split_gff_and_fasta_to_... -[K
[7A
executor >  lsf (40)[K
[2f/dd1ecf] process > run_perl_script (58)           [  0%] 0 of 150[K
[-        ] process > run_removal_of_overlapping_... -[K
[-        ] process > run_removal_of_overlapping_... -[K
[-        ] process > run_split_gff_and_fasta_to_... -[K
[-        ] process > run_split_gff_and_fasta_to_... -[K
[7A
executor >  lsf (41)[K
[ed/e0674d] process > run_perl_script (59)           [  0%] 0 of 150[K
[-        ] process > run_removal_of_overlapping_... -[K
[-        ] process > run_removal_of_overlapping_... -[K
[-        ] process > run_split_gff_and_fasta_to_... -[K
[-        ] process > run_split_gff_and_fasta_to_... -[K
[7A
executor >  lsf (42)[K
[f0/2c2c98] process > run_perl_script (51)           [  0%] 0 of 150[K
[-        ] process > run_removal_of_overlapping_... -[K
[-        ] process > run_removal_of_overlapping_... -[K
[-        ] process > run_split_gff_and_fasta_to_... -[K
[-        ] process > run_split_gff_and_fasta_to_... -[K
[7A
executor >  lsf (43)[K
[3b/af8392] process > run_perl_script (32)           [  0%] 0 of 150[K
[-        ] process > run_removal_of_overlapping_... -[K
[-        ] process > run_removal_of_overlapping_... -[K
[-        ] process > run_split_gff_and_fasta_to_... -[K
[-        ] process > run_split_gff_and_fasta_to_... -[K
[7A
executor >  lsf (44)[K
[09/591759] process > run_perl_script (92)           [  0%] 0 of 150[K
[-        ] process > run_removal_of_overlapping_... -[K
[-        ] process > run_removal_of_overlapping_... -[K
[-        ] process > run_split_gff_and_fasta_to_... -[K
[-        ] process > run_split_gff_and_fasta_to_... -[K
[7A
executor >  lsf (45)[K
[9a/fc2eb5] process > run_perl_script (12)           [  0%] 0 of 150[K
[-        ] process > run_removal_of_overlapping_... -[K
[-        ] process > run_removal_of_overlapping_... -[K
[-        ] process > run_split_gff_and_fasta_to_... -[K
[-        ] process > run_split_gff_and_fasta_to_... -[K
[7A
executor >  lsf (46)[K
[58/712fc6] process > run_perl_script (14)           [  0%] 0 of 150[K
[-        ] process > run_removal_of_overlapping_... -[K
[-        ] process > run_removal_of_overlapping_... -[K
[-        ] process > run_split_gff_and_fasta_to_... -[K
[-        ] process > run_split_gff_and_fasta_to_... -[K
[7A
executor >  lsf (47)[K
[c1/5b87f4] process > run_perl_script (54)           [  0%] 0 of 150[K
[-        ] process > run_removal_of_overlapping_... -[K
[-        ] process > run_removal_of_overlapping_... -[K
[-        ] process > run_split_gff_and_fasta_to_... -[K
[-        ] process > run_split_gff_and_fasta_to_... -[K
[7A
executor >  lsf (48)[K
[b3/7eb992] process > run_perl_script (7)            [  0%] 0 of 150[K
[-        ] process > run_removal_of_overlapping_... -[K
[-        ] process > run_removal_of_overlapping_... -[K
[-        ] process > run_split_gff_and_fasta_to_... -[K
[-        ] process > run_split_gff_and_fasta_to_... -[K
[7A
executor >  lsf (49)[K
[73/50b51e] process > run_perl_script (69)           [  0%] 0 of 150[K
[-        ] process > run_removal_of_overlapping_... -[K
[-        ] process > run_removal_of_overlapping_... -[K
[-        ] process > run_split_gff_and_fasta_to_... -[K
[-        ] process > run_split_gff_and_fasta_to_... -[K
[7A
executor >  lsf (50)[K
[52/312acb] process > run_perl_script (27)           [  0%] 0 of 150[K
[-        ] process > run_removal_of_overlapping_... -[K
[-        ] process > run_removal_of_overlapping_... -[K
[-        ] process > run_split_gff_and_fasta_to_... -[K
[-        ] process > run_split_gff_and_fasta_to_... -[K
[7A
executor >  lsf (51)[K
[46/ccf041] process > run_perl_script (71)           [  0%] 0 of 150[K
[-        ] process > run_removal_of_overlapping_... -[K
[-        ] process > run_removal_of_overlapping_... -[K
[-        ] process > run_split_gff_and_fasta_to_... -[K
[-        ] process > run_split_gff_and_fasta_to_... -[K
[7A
executor >  lsf (52)[K
[e7/544aee] process > run_perl_script (81)           [  0%] 0 of 150[K
[-        ] process > run_removal_of_overlapping_... -[K
[-        ] process > run_removal_of_overlapping_... -[K
[-        ] process > run_split_gff_and_fasta_to_... -[K
[-        ] process > run_split_gff_and_fasta_to_... -[K
[7A
executor >  lsf (53)[K
[98/a3dfb4] process > run_perl_script (6)            [  0%] 0 of 150[K
[-        ] process > run_removal_of_overlapping_... -[K
[-        ] process > run_removal_of_overlapping_... -[K
[-        ] process > run_split_gff_and_fasta_to_... -[K
[-        ] process > run_split_gff_and_fasta_to_... -[K
[7A
executor >  lsf (54)[K
[39/1e9998] process > run_perl_script (8)            [  0%] 0 of 150[K
[-        ] process > run_removal_of_overlapping_... -[K
[-        ] process > run_removal_of_overlapping_... -[K
[-        ] process > run_split_gff_and_fasta_to_... -[K
[-        ] process > run_split_gff_and_fasta_to_... -[K
[7A
executor >  lsf (55)[K
[cc/2745fb] process > run_perl_script (39)           [  0%] 0 of 150[K
[-        ] process > run_removal_of_overlapping_... -[K
[-        ] process > run_removal_of_overlapping_... -[K
[-        ] process > run_split_gff_and_fasta_to_... -[K
[-        ] process > run_split_gff_and_fasta_to_... -[K
[7A
executor >  lsf (56)[K
[6c/c59121] process > run_perl_script (98)           [  0%] 0 of 150[K
[-        ] process > run_removal_of_overlapping_... -[K
[-        ] process > run_removal_of_overlapping_... -[K
[-        ] process > run_split_gff_and_fasta_to_... -[K
[-        ] process > run_split_gff_and_fasta_to_... -[K
[7A
executor >  lsf (57)[K
[ed/95c40c] process > run_perl_script (77)           [  0%] 0 of 150[K
[-        ] process > run_removal_of_overlapping_... -[K
[-        ] process > run_removal_of_overlapping_... -[K
[-        ] process > run_split_gff_and_fasta_to_... -[K
[-        ] process > run_split_gff_and_fasta_to_... -[K
[7A
executor >  lsf (58)[K
[b2/0f533b] process > run_perl_script (43)           [  0%] 0 of 150[K
[-        ] process > run_removal_of_overlapping_... -[K
[-        ] process > run_removal_of_overlapping_... -[K
[-        ] process > run_split_gff_and_fasta_to_... -[K
[-        ] process > run_split_gff_and_fasta_to_... -[K
[7A
executor >  lsf (59)[K
[c1/741939] process > run_perl_script (67)           [  0%] 0 of 150[K
[-        ] process > run_removal_of_overlapping_... -[K
[-        ] process > run_removal_of_overlapping_... -[K
[-        ] process > run_split_gff_and_fasta_to_... -[K
[-        ] process > run_split_gff_and_fasta_to_... -[K
[7A
executor >  lsf (60)[K
[cb/1c3d0f] process > run_perl_script (100)          [  0%] 0 of 150[K
[-        ] process > run_removal_of_overlapping_... -[K
[-        ] process > run_removal_of_overlapping_... -[K
[-        ] process > run_split_gff_and_fasta_to_... -[K
[-        ] process > run_split_gff_and_fasta_to_... -[K
[7A
executor >  lsf (61)[K
[b3/d0d526] process > run_perl_script (97)           [  0%] 0 of 150[K
[-        ] process > run_removal_of_overlapping_... -[K
[-        ] process > run_removal_of_overlapping_... -[K
[-        ] process > run_split_gff_and_fasta_to_... -[K
[-        ] process > run_split_gff_and_fasta_to_... -[K
[7A
executor >  lsf (62)[K
[af/444685] process > run_perl_script (110)          [  0%] 0 of 150[K
[-        ] process > run_removal_of_overlapping_... -[K
[-        ] process > run_removal_of_overlapping_... -[K
[-        ] process > run_split_gff_and_fasta_to_... -[K
[-        ] process > run_split_gff_and_fasta_to_... -[K
[7A
executor >  lsf (63)[K
[2d/1b447c] process > run_perl_script (125)          [  0%] 0 of 150[K
[-        ] process > run_removal_of_overlapping_... -[K
[-        ] process > run_removal_of_overlapping_... -[K
[-        ] process > run_split_gff_and_fasta_to_... -[K
[-        ] process > run_split_gff_and_fasta_to_... -[K
[7A
executor >  lsf (64)[K
[17/e8d14f] process > run_perl_script (74)           [  0%] 0 of 150[K
[-        ] process > run_removal_of_overlapping_... -[K
[-        ] process > run_removal_of_overlapping_... -[K
[-        ] process > run_split_gff_and_fasta_to_... -[K
[-        ] process > run_split_gff_and_fasta_to_... -[K
[7A
executor >  lsf (65)[K
[24/f9f144] process > run_perl_script (126)          [  0%] 0 of 150[K
[-        ] process > run_removal_of_overlapping_... -[K
[-        ] process > run_removal_of_overlapping_... -[K
[-        ] process > run_split_gff_and_fasta_to_... -[K
[-        ] process > run_split_gff_and_fasta_to_... -[K
[7A
executor >  lsf (66)[K
[14/fe2931] process > run_perl_script (138)          [  0%] 0 of 150[K
[-        ] process > run_removal_of_overlapping_... -[K
[-        ] process > run_removal_of_overlapping_... -[K
[-        ] process > run_split_gff_and_fasta_to_... -[K
[-        ] process > run_split_gff_and_fasta_to_... -[K
[7A
executor >  lsf (67)[K
[76/a11d77] process > run_perl_script (113)          [  0%] 0 of 150[K
[-        ] process > run_removal_of_overlapping_... -[K
[-        ] process > run_removal_of_overlapping_... -[K
[-        ] process > run_split_gff_and_fasta_to_... -[K
[-        ] process > run_split_gff_and_fasta_to_... -[K
[7A
executor >  lsf (68)[K
[44/52d031] process > run_perl_script (137)          [  0%] 0 of 150[K
[-        ] process > run_removal_of_overlapping_... -[K
[-        ] process > run_removal_of_overlapping_... -[K
[-        ] process > run_split_gff_and_fasta_to_... -[K
[-        ] process > run_split_gff_and_fasta_to_... -[K
[7A
executor >  lsf (69)[K
[02/19ea3d] process > run_perl_script (119)          [  0%] 0 of 150[K
[-        ] process > run_removal_of_overlapping_... -[K
[-        ] process > run_removal_of_overlapping_... -[K
[-        ] process > run_split_gff_and_fasta_to_... -[K
[-        ] process > run_split_gff_and_fasta_to_... -[K
[7A
executor >  lsf (70)[K
[39/0aac68] process > run_perl_script (144)          [  0%] 0 of 150[K
[-        ] process > run_removal_of_overlapping_... -[K
[-        ] process > run_removal_of_overlapping_... -[K
[-        ] process > run_split_gff_and_fasta_to_... -[K
[-        ] process > run_split_gff_and_fasta_to_... -[K
[7A
executor >  lsf (71)[K
[cc/91a2c9] process > run_perl_script (114)          [  0%] 0 of 150[K
[-        ] process > run_removal_of_overlapping_... -[K
[-        ] process > run_removal_of_overlapping_... -[K
[-        ] process > run_split_gff_and_fasta_to_... -[K
[-        ] process > run_split_gff_and_fasta_to_... -[K
[7A
executor >  lsf (72)[K
[55/a11f07] process > run_perl_script (104)          [  0%] 0 of 150[K
[-        ] process > run_removal_of_overlapping_... -[K
[-        ] process > run_removal_of_overlapping_... -[K
[-        ] process > run_split_gff_and_fasta_to_... -[K
[-        ] process > run_split_gff_and_fasta_to_... -[K
[7A
executor >  lsf (73)[K
[6d/a23173] process > run_perl_script (109)          [  0%] 0 of 150[K
[-        ] process > run_removal_of_overlapping_... -[K
[-        ] process > run_removal_of_overlapping_... -[K
[-        ] process > run_split_gff_and_fasta_to_... -[K
[-        ] process > run_split_gff_and_fasta_to_... -[K
[7A
executor >  lsf (74)[K
[ba/050e1d] process > run_perl_script (127)          [  0%] 0 of 150[K
[-        ] process > run_removal_of_overlapping_... -[K
[-        ] process > run_removal_of_overlapping_... -[K
[-        ] process > run_split_gff_and_fasta_to_... -[K
[-        ] process > run_split_gff_and_fasta_to_... -[K
[7A
executor >  lsf (75)[K
[75/b02837] process > run_perl_script (123)          [  0%] 0 of 150[K
[-        ] process > run_removal_of_overlapping_... -[K
[-        ] process > run_removal_of_overlapping_... -[K
[-        ] process > run_split_gff_and_fasta_to_... -[K
[-        ] process > run_split_gff_and_fasta_to_... -[K
[7A
executor >  lsf (76)[K
[bf/de2acb] process > run_perl_script (88)           [  0%] 0 of 150[K
[-        ] process > run_removal_of_overlapping_... -[K
[-        ] process > run_removal_of_overlapping_... -[K
[-        ] process > run_split_gff_and_fasta_to_... -[K
[-        ] process > run_split_gff_and_fasta_to_... -[K
[7A
executor >  lsf (77)[K
[7a/ee3e76] process > run_perl_script (128)          [  0%] 0 of 150[K
[-        ] process > run_removal_of_overlapping_... -[K
[-        ] process > run_removal_of_overlapping_... -[K
[-        ] process > run_split_gff_and_fasta_to_... -[K
[-        ] process > run_split_gff_and_fasta_to_... -[K
[7A
executor >  lsf (78)[K
[b2/a43d6a] process > run_perl_script (115)          [  0%] 0 of 150[K
[-        ] process > run_removal_of_overlapping_... -[K
[-        ] process > run_removal_of_overlapping_... -[K
[-        ] process > run_split_gff_and_fasta_to_... -[K
[-        ] process > run_split_gff_and_fasta_to_... -[K
[7A
executor >  lsf (79)[K
[0c/7f5a66] process > run_perl_script (143)          [  0%] 0 of 150[K
[-        ] process > run_removal_of_overlapping_... -[K
[-        ] process > run_removal_of_overlapping_... -[K
[-        ] process > run_split_gff_and_fasta_to_... -[K
[-        ] process > run_split_gff_and_fasta_to_... -[K
[7A
executor >  lsf (80)[K
[b7/9d6b84] process > run_perl_script (134)          [  0%] 0 of 150[K
[-        ] process > run_removal_of_overlapping_... -[K
[-        ] process > run_removal_of_overlapping_... -[K
[-        ] process > run_split_gff_and_fasta_to_... -[K
[-        ] process > run_split_gff_and_fasta_to_... -[K
[7A
executor >  lsf (81)[K
[fd/c720b9] process > run_perl_script (105)          [  0%] 0 of 150[K
[-        ] process > run_removal_of_overlapping_... -[K
[-        ] process > run_removal_of_overlapping_... -[K
[-        ] process > run_split_gff_and_fasta_to_... -[K
[-        ] process > run_split_gff_and_fasta_to_... -[K
[7A
executor >  lsf (82)[K
[8e/116410] process > run_perl_script (50)           [  0%] 0 of 150[K
[-        ] process > run_removal_of_overlapping_... -[K
[-        ] process > run_removal_of_overlapping_... -[K
[-        ] process > run_split_gff_and_fasta_to_... -[K
[-        ] process > run_split_gff_and_fasta_to_... -[K
[7A
executor >  lsf (83)[K
[b8/f14799] process > run_perl_script (111)          [  0%] 0 of 150[K
[-        ] process > run_removal_of_overlapping_... -[K
[-        ] process > run_removal_of_overlapping_... -[K
[-        ] process > run_split_gff_and_fasta_to_... -[K
[-        ] process > run_split_gff_and_fasta_to_... -[K
[7A
executor >  lsf (84)[K
[5d/f815c8] process > run_perl_script (73)           [  0%] 0 of 150[K
[-        ] process > run_removal_of_overlapping_... -[K
[-        ] process > run_removal_of_overlapping_... -[K
[-        ] process > run_split_gff_and_fasta_to_... -[K
[-        ] process > run_split_gff_and_fasta_to_... -[K
[7A
executor >  lsf (85)[K
[7e/553cbc] process > run_perl_script (107)          [  0%] 0 of 150[K
[-        ] process > run_removal_of_overlapping_... -[K
[-        ] process > run_removal_of_overlapping_... -[K
[-        ] process > run_split_gff_and_fasta_to_... -[K
[-        ] process > run_split_gff_and_fasta_to_... -[K
[7A
executor >  lsf (86)[K
[c6/2efb72] process > run_perl_script (124)          [  0%] 0 of 150[K
[-        ] process > run_removal_of_overlapping_... -[K
[-        ] process > run_removal_of_overlapping_... -[K
[-        ] process > run_split_gff_and_fasta_to_... -[K
[-        ] process > run_split_gff_and_fasta_to_... -[K
[7A
executor >  lsf (87)[K
[86/f2566e] process > run_perl_script (129)          [  0%] 0 of 150[K
[-        ] process > run_removal_of_overlapping_... -[K
[-        ] process > run_removal_of_overlapping_... -[K
[-        ] process > run_split_gff_and_fasta_to_... -[K
[-        ] process > run_split_gff_and_fasta_to_... -[K
[7A
executor >  lsf (88)[K
[2e/a2024f] process > run_perl_script (112)          [  0%] 0 of 150[K
[-        ] process > run_removal_of_overlapping_... -[K
[-        ] process > run_removal_of_overlapping_... -[K
[-        ] process > run_split_gff_and_fasta_to_... -[K
[-        ] process > run_split_gff_and_fasta_to_... -[K
[7A
executor >  lsf (89)[K
[f9/4a3363] process > run_perl_script (130)          [  0%] 0 of 150[K
[-        ] process > run_removal_of_overlapping_... -[K
[-        ] process > run_removal_of_overlapping_... -[K
[-        ] process > run_split_gff_and_fasta_to_... -[K
[-        ] process > run_split_gff_and_fasta_to_... -[K
[7A
executor >  lsf (90)[K
[77/ecf312] process > run_perl_script (37)           [  0%] 0 of 150[K
[-        ] process > run_removal_of_overlapping_... -[K
[-        ] process > run_removal_of_overlapping_... -[K
[-        ] process > run_split_gff_and_fasta_to_... -[K
[-        ] process > run_split_gff_and_fasta_to_... -[K
[7A
executor >  lsf (91)[K
[84/04c7c2] process > run_perl_script (116)          [  0%] 0 of 150[K
[-        ] process > run_removal_of_overlapping_... -[K
[-        ] process > run_removal_of_overlapping_... -[K
[-        ] process > run_split_gff_and_fasta_to_... -[K
[-        ] process > run_split_gff_and_fasta_to_... -[K
[7A
executor >  lsf (92)[K
[d5/c10a32] process > run_perl_script (133)          [  0%] 0 of 150[K
[-        ] process > run_removal_of_overlapping_... -[K
[-        ] process > run_removal_of_overlapping_... -[K
[-        ] process > run_split_gff_and_fasta_to_... -[K
[-        ] process > run_split_gff_and_fasta_to_... -[K
[7A
executor >  lsf (93)[K
[53/ec613e] process > run_perl_script (136)          [  0%] 0 of 150[K
[-        ] process > run_removal_of_overlapping_... -[K
[-        ] process > run_removal_of_overlapping_... -[K
[-        ] process > run_split_gff_and_fasta_to_... -[K
[-        ] process > run_split_gff_and_fasta_to_... -[K
[7A
executor >  lsf (94)[K
[56/4ccb68] process > run_perl_script (31)           [  0%] 0 of 150[K
[-        ] process > run_removal_of_overlapping_... -[K
[-        ] process > run_removal_of_overlapping_... -[K
[-        ] process > run_split_gff_and_fasta_to_... -[K
[-        ] process > run_split_gff_and_fasta_to_... -[K
[7A
executor >  lsf (95)[K
[24/21546a] process > run_perl_script (132)          [  0%] 0 of 150[K
[-        ] process > run_removal_of_overlapping_... -[K
[-        ] process > run_removal_of_overlapping_... -[K
[-        ] process > run_split_gff_and_fasta_to_... -[K
[-        ] process > run_split_gff_and_fasta_to_... -[K
[7A
executor >  lsf (96)[K
[2d/0928fc] process > run_perl_script (150)          [  0%] 0 of 150[K
[-        ] process > run_removal_of_overlapping_... -[K
[-        ] process > run_removal_of_overlapping_... -[K
[-        ] process > run_split_gff_and_fasta_to_... -[K
[-        ] process > run_split_gff_and_fasta_to_... -[K
[7A
executor >  lsf (97)[K
[62/079072] process > run_perl_script (101)          [  0%] 0 of 150[K
[-        ] process > run_removal_of_overlapping_... -[K
[-        ] process > run_removal_of_overlapping_... -[K
[-        ] process > run_split_gff_and_fasta_to_... -[K
[-        ] process > run_split_gff_and_fasta_to_... -[K
[7A
executor >  lsf (98)[K
[ba/b1902a] process > run_perl_script (135)          [  0%] 0 of 150[K
[-        ] process > run_removal_of_overlapping_... -[K
[-        ] process > run_removal_of_overlapping_... -[K
[-        ] process > run_split_gff_and_fasta_to_... -[K
[-        ] process > run_split_gff_and_fasta_to_... -[K
[7A
executor >  lsf (99)[K
[b2/d737e7] process > run_perl_script (145)          [  0%] 0 of 150[K
[-        ] process > run_removal_of_overlapping_... -[K
[-        ] process > run_removal_of_overlapping_... -[K
[-        ] process > run_split_gff_and_fasta_to_... -[K
[-        ] process > run_split_gff_and_fasta_to_... -[K
[7A
executor >  lsf (100)[K
[d5/00a7a8] process > run_perl_script (103)          [  0%] 0 of 150[K
[-        ] process > run_removal_of_overlapping_... -[K
[-        ] process > run_removal_of_overlapping_... -[K
[-        ] process > run_split_gff_and_fasta_to_... -[K
[-        ] process > run_split_gff_and_fasta_to_... -[K
[7A
executor >  lsf (100)[K
[d5/00a7a8] process > run_perl_script (103)          [  0%] 0 of 150[K
[-        ] process > run_removal_of_overlapping_... -[K
[-        ] process > run_removal_of_overlapping_... -[K
[-        ] process > run_split_gff_and_fasta_to_... -[K
[-        ] process > run_split_gff_and_fasta_to_... -[K
[7A
executor >  lsf (100)[K
[d5/00a7a8] process > run_perl_script (103)          [  0%] 0 of 150[K
[-        ] process > run_removal_of_overlapping_... -[K
[-        ] process > run_removal_of_overlapping_... -[K
[-        ] process > run_split_gff_and_fasta_to_... -[K
[-        ] process > run_split_gff_and_fasta_to_... -[K
[7A
WARN: Killing pending tasks (99)
executor >  lsf (100)[K
[d5/00a7a8] process > run_perl_script (103)          [  0%] 0 of 150[K
[-        ] process > run_removal_of_overlapping_... -[K
[-        ] process > run_removal_of_overlapping_... -[K
[-        ] process > run_split_gff_and_fasta_to_... -[K
[-        ] process > run_split_gff_and_fasta_to_... -[K
[31mError executing process > 'run_perl_script (95)'[K
[K
Caused by:[K
  Process `run_perl_script (95)` terminated with an error exit status (22)[K
[K
Command executed:[K
[K
  perl /hps/nobackup/flicek/ensembl/genebuild/frida/scripts/high_confidence_genes_gsoc23_full_gff.pl -user ensro -host 4519 -port null -diamond_script_path /hps/nobackup/flicek/ensembl/genebuild/frida/scripts/get_diamond_coverage.py -protein_db /hps/nobackup/flicek/ensembl/genebuild/frida/data/all_mammal_proteins.dmnd -output_dir /hps/nobackup/flicek/ensembl/genebuild/frida/results_with_full_gff_and_repeat_annotation_separated_by_strand/unfiltered_genomes/ -dbname ornithorhynchus_anatinus_core_110_1	mysql-ens-sta-1[K
[K
Command exit status:[K
  22[K
[K
Command output:[K
  (empty)[K
[K
Command error:[K
  Value "null" invalid for option port (number expected)[K
  Could not connect to database ornithorhynchus_anatinus_core_110_1 as user ensro using [DBI:mysql:database=ornithorhynchus_anatinus_core_110_1;host=4519;port=3306] as a locator:[K
  DBI connect('database=ornithorhynchus_anatinus_core_110_1;host=4519;port=3306','ensro',...) failed: Can't connect to MySQL server on '4519' (22) at /homes/frida/perl5/lib/perl5/5.26.3/Bio/EnsEMBL/DBSQL/DBConnection.pm line 260.[K
  [K
  -------------------- EXCEPTION --------------------[K
  MSG: Could not connect to database ornithorhynchus_anatinus_core_110_1 as user ensro using [DBI:mysql:database=ornithorhynchus_anatinus_core_110_1;host=4519;port=3306] as a locator:[K
  DBI connect('database=ornithorhynchus_anatinus_core_110_1;host=4519;port=3306','ensro',...) failed: Can't connect to MySQL server on '4519' (22) at /homes/frida/perl5/lib/perl5/5.26.3/Bio/EnsEMBL/DBSQL/DBConnection.pm line 260.[K
  [K
  STACK Bio::EnsEMBL::DBSQL::DBConnection::connect /homes/frida/perl5/lib/perl5/5.26.3/Bio/EnsEMBL/DBSQL/DBConnection.pm:276[K
  STACK Bio::EnsEMBL::DBSQL::DBConnection::db_handle /homes/frida/perl5/lib/perl5/5.26.3/Bio/EnsEMBL/DBSQL/DBConnection.pm:673[K
  STACK Bio::EnsEMBL::DBSQL::DBConnection::prepare /homes/frida/perl5/lib/perl5/5.26.3/Bio/EnsEMBL/DBSQL/DBConnection.pm:704[K
  STACK Bio::EnsEMBL::DBSQL::BaseAdaptor::prepare /homes/frida/perl5/lib/perl5/5.26.3/Bio/EnsEMBL/DBSQL/BaseAdaptor.pm:175[K
  STACK Bio::EnsEMBL::DBSQL::BaseMetaContainer::list_value_by_key /homes/frida/perl5/lib/perl5/5.26.3/Bio/EnsEMBL/DBSQL/BaseMetaContainer.pm:123[K
  STACK Bio::EnsEMBL::DBSQL::BaseMetaContainer::get_schema_version /homes/frida/perl5/lib/perl5/5.26.3/Bio/EnsEMBL/DBSQL/BaseMetaContainer.pm:78[K
  STACK Bio::EnsEMBL::Registry::version_check /homes/frida/perl5/lib/perl5/5.26.3/Bio/EnsEMBL/Registry.pm:2912[K
  STACK Bio::EnsEMBL::Registry::get_adaptor /homes/frida/perl5/lib/perl5/5.26.3/Bio/EnsEMBL/Registry.pm:1186[K
  STACK Bio::EnsEMBL::DBSQL::DBAdaptor::AUTOLOAD /homes/frida/perl5/lib/perl5/5.26.3/Bio/EnsEMBL/DBSQL/DBAdaptor.pm:987[K
  STACK toplevel /hps/nobackup/flicek/ensembl/genebuild/frida/scripts/high_confidence_genes_gsoc23_full_gff.pl:47[K
  Date (localtime)    = Tue Jun 20 06:08:49 2023[K
  Ensembl API version = 109[K
  ---------------------------------------------------[K
[K
Work dir:[K
  /hps/nobackup/flicek/ensembl/genebuild/frida/scripts/work/da/3030a9dff1b4789fb7573e4a52fe17[K
[K
Tip: view the complete command output by changing to the process work dir and entering the command `cat .command.out`[39m[K
[49A
executor >  lsf (100)[K
[d5/00a7a8] process > run_perl_script (103)          [  2%] 1 of 51, failed: 1[K
[-        ] process > run_removal_of_overlapping_... -[K
[-        ] process > run_removal_of_overlapping_... -[K
[-        ] process > run_split_gff_and_fasta_to_... -[K
[-        ] process > run_split_gff_and_fasta_to_... -[K
[31mError executing process > 'run_perl_script (95)'[K
[K
Caused by:[K
  Process `run_perl_script (95)` terminated with an error exit status (22)[K
[K
Command executed:[K
[K
  perl /hps/nobackup/flicek/ensembl/genebuild/frida/scripts/high_confidence_genes_gsoc23_full_gff.pl -user ensro -host 4519 -port null -diamond_script_path /hps/nobackup/flicek/ensembl/genebuild/frida/scripts/get_diamond_coverage.py -protein_db /hps/nobackup/flicek/ensembl/genebuild/frida/data/all_mammal_proteins.dmnd -output_dir /hps/nobackup/flicek/ensembl/genebuild/frida/results_with_full_gff_and_repeat_annotation_separated_by_strand/unfiltered_genomes/ -dbname ornithorhynchus_anatinus_core_110_1	mysql-ens-sta-1[K
[K
Command exit status:[K
  22[K
[K
Command output:[K
  (empty)[K
[K
Command error:[K
  Value "null" invalid for option port (number expected)[K
  Could not connect to database ornithorhynchus_anatinus_core_110_1 as user ensro using [DBI:mysql:database=ornithorhynchus_anatinus_core_110_1;host=4519;port=3306] as a locator:[K
  DBI connect('database=ornithorhynchus_anatinus_core_110_1;host=4519;port=3306','ensro',...) failed: Can't connect to MySQL server on '4519' (22) at /homes/frida/perl5/lib/perl5/5.26.3/Bio/EnsEMBL/DBSQL/DBConnection.pm line 260.[K
  [K
  -------------------- EXCEPTION --------------------[K
  MSG: Could not connect to database ornithorhynchus_anatinus_core_110_1 as user ensro using [DBI:mysql:database=ornithorhynchus_anatinus_core_110_1;host=4519;port=3306] as a locator:[K
  DBI connect('database=ornithorhynchus_anatinus_core_110_1;host=4519;port=3306','ensro',...) failed: Can't connect to MySQL server on '4519' (22) at /homes/frida/perl5/lib/perl5/5.26.3/Bio/EnsEMBL/DBSQL/DBConnection.pm line 260.[K
  [K
  STACK Bio::EnsEMBL::DBSQL::DBConnection::connect /homes/frida/perl5/lib/perl5/5.26.3/Bio/EnsEMBL/DBSQL/DBConnection.pm:276[K
  STACK Bio::EnsEMBL::DBSQL::DBConnection::db_handle /homes/frida/perl5/lib/perl5/5.26.3/Bio/EnsEMBL/DBSQL/DBConnection.pm:673[K
  STACK Bio::EnsEMBL::DBSQL::DBConnection::prepare /homes/frida/perl5/lib/perl5/5.26.3/Bio/EnsEMBL/DBSQL/DBConnection.pm:704[K
  STACK Bio::EnsEMBL::DBSQL::BaseAdaptor::prepare /homes/frida/perl5/lib/perl5/5.26.3/Bio/EnsEMBL/DBSQL/BaseAdaptor.pm:175[K
  STACK Bio::EnsEMBL::DBSQL::BaseMetaContainer::list_value_by_key /homes/frida/perl5/lib/perl5/5.26.3/Bio/EnsEMBL/DBSQL/BaseMetaContainer.pm:123[K
  STACK Bio::EnsEMBL::DBSQL::BaseMetaContainer::get_schema_version /homes/frida/perl5/lib/perl5/5.26.3/Bio/EnsEMBL/DBSQL/BaseMetaContainer.pm:78[K
  STACK Bio::EnsEMBL::Registry::version_check /homes/frida/perl5/lib/perl5/5.26.3/Bio/EnsEMBL/Registry.pm:2912[K
  STACK Bio::EnsEMBL::Registry::get_adaptor /homes/frida/perl5/lib/perl5/5.26.3/Bio/EnsEMBL/Registry.pm:1186[K
  STACK Bio::EnsEMBL::DBSQL::DBAdaptor::AUTOLOAD /homes/frida/perl5/lib/perl5/5.26.3/Bio/EnsEMBL/DBSQL/DBAdaptor.pm:987[K
  STACK toplevel /hps/nobackup/flicek/ensembl/genebuild/frida/scripts/high_confidence_genes_gsoc23_full_gff.pl:47[K
  Date (localtime)    = Tue Jun 20 06:08:49 2023[K
  Ensembl API version = 109[K
  ---------------------------------------------------[K
[K
Work dir:[K
  /hps/nobackup/flicek/ensembl/genebuild/frida/scripts/work/da/3030a9dff1b4789fb7573e4a52fe17[K
[K
Tip: view the complete command output by changing to the process work dir and entering the command `cat .command.out`[39m[K

